GC Precious Log:
 CPUs: 4 total, 4 available
 Memory: 2813M
 Large Page Support: Disabled
 NUMA Support: Disabled
 Compressed Oops: Enabled (32-bit)
 Alignments: Space 512K, Generation 512K, Heap 2M
 Heap Min Capacity: 100M
 Heap Initial Capacity: 100M
 Heap Max Capacity: 1G
 Pre-touch: Disabled
 Parallel Workers: 4
Heap:
 PSYoungGen      total 11264K, used 3519K [0x00000000eab00000, 0x00000000ebc00000, 0x0000000100000000)
  eden space 10240K, 28% used [0x00000000eab00000,0x00000000eadda1b8,0x00000000eb500000)
  from space 1024K, 58% used [0x00000000eb500000,0x00000000eb595c40,0x00000000eb600000)
  to   space 3072K, 0% used [0x00000000eb900000,0x00000000eb900000,0x00000000ebc00000)
 ParOldGen       total 99840K, used 74754K [0x00000000c0000000, 0x00000000c6180000, 0x00000000eab00000)
  object space 99840K, 74% used [0x00000000c0000000,0x00000000c49009a0,0x00000000c6180000)
 Metaspace       used 65004K, committed 66048K, reserved 1114112K
  class space    used 7888K, committed 8384K, reserved 1048576K
GC Heap History (20 events):
Event: 75.443 GC heap before
{Heap before GC invocations=63 (full 4):
 PSYoungGen      total 17408K, used 17392K [0x00000000eab00000, 0x00000000ec400000, 0x0000000100000000)
  eden space 15360K, 100% used [0x00000000eab00000,0x00000000eba00000,0x00000000eba00000)
  from space 2048K, 99% used [0x00000000eba80000,0x00000000ebc7c008,0x00000000ebc80000)
  to   space 5120K, 0% used [0x00000000ebf00000,0x00000000ebf00000,0x00000000ec400000)
 ParOldGen       total 75264K, used 58905K [0x00000000c0000000, 0x00000000c4980000, 0x00000000eab00000)
  object space 75264K, 78% used [0x00000000c0000000,0x00000000c39866c0,0x00000000c4980000)
 Metaspace       used 63301K, committed 64320K, reserved 1105920K
  class space    used 7717K, committed 8192K, reserved 1048576K
}
Event: 75.460 GC heap after
{Heap after GC invocations=63 (full 4):
 PSYoungGen      total 17920K, used 2240K [0x00000000eab00000, 0x00000000ec180000, 0x0000000100000000)
  eden space 15360K, 0% used [0x00000000eab00000,0x00000000eab00000,0x00000000eba00000)
  from space 2560K, 87% used [0x00000000ebf00000,0x00000000ec130000,0x00000000ec180000)
  to   space 3072K, 0% used [0x00000000ebb80000,0x00000000ebb80000,0x00000000ebe80000)
 ParOldGen       total 75264K, used 60961K [0x00000000c0000000, 0x00000000c4980000, 0x00000000eab00000)
  object space 75264K, 80% used [0x00000000c0000000,0x00000000c3b886c8,0x00000000c4980000)
 Metaspace       used 63301K, committed 64320K, reserved 1105920K
  class space    used 7717K, committed 8192K, reserved 1048576K
}
Event: 75.651 GC heap before
{Heap before GC invocations=64 (full 4):
 PSYoungGen      total 17920K, used 17600K [0x00000000eab00000, 0x00000000ec180000, 0x0000000100000000)
  eden space 15360K, 100% used [0x00000000eab00000,0x00000000eba00000,0x00000000eba00000)
  from space 2560K, 87% used [0x00000000ebf00000,0x00000000ec130000,0x00000000ec180000)
  to   space 3072K, 0% used [0x00000000ebb80000,0x00000000ebb80000,0x00000000ebe80000)
 ParOldGen       total 75264K, used 60961K [0x00000000c0000000, 0x00000000c4980000, 0x00000000eab00000)
  object space 75264K, 80% used [0x00000000c0000000,0x00000000c3b886c8,0x00000000c4980000)
 Metaspace       used 63318K, committed 64320K, reserved 1105920K
  class space    used 7719K, committed 8192K, reserved 1048576K
}
Event: 75.700 GC heap after
{Heap after GC invocations=64 (full 4):
 PSYoungGen      total 17920K, used 2368K [0x00000000eab00000, 0x00000000ebf80000, 0x0000000100000000)
  eden space 15360K, 0% used [0x00000000eab00000,0x00000000eab00000,0x00000000eba00000)
  from space 2560K, 92% used [0x00000000ebb80000,0x00000000ebdd0000,0x00000000ebe00000)
  to   space 1536K, 0% used [0x00000000ebe00000,0x00000000ebe00000,0x00000000ebf80000)
 ParOldGen       total 75264K, used 63148K [0x00000000c0000000, 0x00000000c4980000, 0x00000000eab00000)
  object space 75264K, 83% used [0x00000000c0000000,0x00000000c3dab2d8,0x00000000c4980000)
 Metaspace       used 63318K, committed 64320K, reserved 1105920K
  class space    used 7719K, committed 8192K, reserved 1048576K
}
Event: 75.871 GC heap before
{Heap before GC invocations=65 (full 4):
 PSYoungGen      total 17920K, used 17728K [0x00000000eab00000, 0x00000000ebf80000, 0x0000000100000000)
  eden space 15360K, 100% used [0x00000000eab00000,0x00000000eba00000,0x00000000eba00000)
  from space 2560K, 92% used [0x00000000ebb80000,0x00000000ebdd0000,0x00000000ebe00000)
  to   space 1536K, 0% used [0x00000000ebe00000,0x00000000ebe00000,0x00000000ebf80000)
 ParOldGen       total 75264K, used 63148K [0x00000000c0000000, 0x00000000c4980000, 0x00000000eab00000)
  object space 75264K, 83% used [0x00000000c0000000,0x00000000c3dab2d8,0x00000000c4980000)
 Metaspace       used 63428K, committed 64448K, reserved 1105920K
  class space    used 7723K, committed 8192K, reserved 1048576K
}
Event: 75.882 GC heap after
{Heap after GC invocations=65 (full 4):
 PSYoungGen      total 16384K, used 1514K [0x00000000eab00000, 0x00000000ec300000, 0x0000000100000000)
  eden space 14848K, 0% used [0x00000000eab00000,0x00000000eab00000,0x00000000eb980000)
  from space 1536K, 98% used [0x00000000ebe00000,0x00000000ebf7aab0,0x00000000ebf80000)
  to   space 4608K, 0% used [0x00000000eb980000,0x00000000eb980000,0x00000000ebe00000)
 ParOldGen       total 75264K, used 65828K [0x00000000c0000000, 0x00000000c4980000, 0x00000000eab00000)
  object space 75264K, 87% used [0x00000000c0000000,0x00000000c40492e8,0x00000000c4980000)
 Metaspace       used 63428K, committed 64448K, reserved 1105920K
  class space    used 7723K, committed 8192K, reserved 1048576K
}
Event: 76.017 GC heap before
{Heap before GC invocations=66 (full 4):
 PSYoungGen      total 16384K, used 16362K [0x00000000eab00000, 0x00000000ec300000, 0x0000000100000000)
  eden space 14848K, 100% used [0x00000000eab00000,0x00000000eb980000,0x00000000eb980000)
  from space 1536K, 98% used [0x00000000ebe00000,0x00000000ebf7aab0,0x00000000ebf80000)
  to   space 4608K, 0% used [0x00000000eb980000,0x00000000eb980000,0x00000000ebe00000)
 ParOldGen       total 75264K, used 65828K [0x00000000c0000000, 0x00000000c4980000, 0x00000000eab00000)
  object space 75264K, 87% used [0x00000000c0000000,0x00000000c40492e8,0x00000000c4980000)
 Metaspace       used 63428K, committed 64448K, reserved 1105920K
  class space    used 7723K, committed 8192K, reserved 1048576K
}
Event: 76.028 GC heap after
{Heap after GC invocations=66 (full 4):
 PSYoungGen      total 16896K, used 2016K [0x00000000eab00000, 0x00000000ebf80000, 0x0000000100000000)
  eden space 14848K, 0% used [0x00000000eab00000,0x00000000eab00000,0x00000000eb980000)
  from space 2048K, 98% used [0x00000000eb980000,0x00000000ebb78000,0x00000000ebb80000)
  to   space 3072K, 0% used [0x00000000ebc80000,0x00000000ebc80000,0x00000000ebf80000)
 ParOldGen       total 75264K, used 67322K [0x00000000c0000000, 0x00000000c4980000, 0x00000000eab00000)
  object space 75264K, 89% used [0x00000000c0000000,0x00000000c41bea78,0x00000000c4980000)
 Metaspace       used 63428K, committed 64448K, reserved 1105920K
  class space    used 7723K, committed 8192K, reserved 1048576K
}
Event: 76.158 GC heap before
{Heap before GC invocations=67 (full 4):
 PSYoungGen      total 16896K, used 16864K [0x00000000eab00000, 0x00000000ebf80000, 0x0000000100000000)
  eden space 14848K, 100% used [0x00000000eab00000,0x00000000eb980000,0x00000000eb980000)
  from space 2048K, 98% used [0x00000000eb980000,0x00000000ebb78000,0x00000000ebb80000)
  to   space 3072K, 0% used [0x00000000ebc80000,0x00000000ebc80000,0x00000000ebf80000)
 ParOldGen       total 75264K, used 67322K [0x00000000c0000000, 0x00000000c4980000, 0x00000000eab00000)
  object space 75264K, 89% used [0x00000000c0000000,0x00000000c41bea78,0x00000000c4980000)
 Metaspace       used 63428K, committed 64448K, reserved 1105920K
  class space    used 7723K, committed 8192K, reserved 1048576K
}
Event: 76.172 GC heap after
{Heap after GC invocations=67 (full 4):
 PSYoungGen      total 16896K, used 1952K [0x00000000eab00000, 0x00000000ebe80000, 0x0000000100000000)
  eden space 14848K, 0% used [0x00000000eab00000,0x00000000eab00000,0x00000000eb980000)
  from space 2048K, 95% used [0x00000000ebc80000,0x00000000ebe68000,0x00000000ebe80000)
  to   space 2560K, 0% used [0x00000000eb980000,0x00000000eb980000,0x00000000ebc00000)
 ParOldGen       total 75264K, used 69314K [0x00000000c0000000, 0x00000000c4980000, 0x00000000eab00000)
  object space 75264K, 92% used [0x00000000c0000000,0x00000000c43b0a78,0x00000000c4980000)
 Metaspace       used 63428K, committed 64448K, reserved 1105920K
  class space    used 7723K, committed 8192K, reserved 1048576K
}
Event: 76.343 GC heap before
{Heap before GC invocations=68 (full 4):
 PSYoungGen      total 16896K, used 16800K [0x00000000eab00000, 0x00000000ebe80000, 0x0000000100000000)
  eden space 14848K, 100% used [0x00000000eab00000,0x00000000eb980000,0x00000000eb980000)
  from space 2048K, 95% used [0x00000000ebc80000,0x00000000ebe68000,0x00000000ebe80000)
  to   space 2560K, 0% used [0x00000000eb980000,0x00000000eb980000,0x00000000ebc00000)
 ParOldGen       total 75264K, used 69314K [0x00000000c0000000, 0x00000000c4980000, 0x00000000eab00000)
  object space 75264K, 92% used [0x00000000c0000000,0x00000000c43b0a78,0x00000000c4980000)
 Metaspace       used 63487K, committed 64512K, reserved 1105920K
  class space    used 7726K, committed 8192K, reserved 1048576K
}
Event: 76.365 GC heap after
{Heap after GC invocations=68 (full 4):
 PSYoungGen      total 16896K, used 1792K [0x00000000eab00000, 0x00000000ebd80000, 0x0000000100000000)
  eden space 14848K, 0% used [0x00000000eab00000,0x00000000eab00000,0x00000000eb980000)
  from space 2048K, 87% used [0x00000000eb980000,0x00000000ebb40000,0x00000000ebb80000)
  to   space 2048K, 0% used [0x00000000ebb80000,0x00000000ebb80000,0x00000000ebd80000)
 ParOldGen       total 75264K, used 72114K [0x00000000c0000000, 0x00000000c4980000, 0x00000000eab00000)
  object space 75264K, 95% used [0x00000000c0000000,0x00000000c466ca80,0x00000000c4980000)
 Metaspace       used 63487K, committed 64512K, reserved 1105920K
  class space    used 7726K, committed 8192K, reserved 1048576K
}
Event: 76.490 GC heap before
{Heap before GC invocations=69 (full 4):
 PSYoungGen      total 16896K, used 16640K [0x00000000eab00000, 0x00000000ebd80000, 0x0000000100000000)
  eden space 14848K, 100% used [0x00000000eab00000,0x00000000eb980000,0x00000000eb980000)
  from space 2048K, 87% used [0x00000000eb980000,0x00000000ebb40000,0x00000000ebb80000)
  to   space 2048K, 0% used [0x00000000ebb80000,0x00000000ebb80000,0x00000000ebd80000)
 ParOldGen       total 75264K, used 72114K [0x00000000c0000000, 0x00000000c4980000, 0x00000000eab00000)
  object space 75264K, 95% used [0x00000000c0000000,0x00000000c466ca80,0x00000000c4980000)
 Metaspace       used 63602K, committed 64576K, reserved 1105920K
  class space    used 7734K, committed 8192K, reserved 1048576K
}
Event: 76.526 GC heap after
{Heap after GC invocations=69 (full 4):
 PSYoungGen      total 14336K, used 2027K [0x00000000eab00000, 0x00000000ec280000, 0x0000000100000000)
  eden space 12288K, 0% used [0x00000000eab00000,0x00000000eab00000,0x00000000eb700000)
  from space 2048K, 99% used [0x00000000ebb80000,0x00000000ebd7af78,0x00000000ebd80000)
  to   space 4608K, 0% used [0x00000000eb700000,0x00000000eb700000,0x00000000ebb80000)
 ParOldGen       total 75264K, used 73986K [0x00000000c0000000, 0x00000000c4980000, 0x00000000eab00000)
  object space 75264K, 98% used [0x00000000c0000000,0x00000000c4840a80,0x00000000c4980000)
 Metaspace       used 63602K, committed 64576K, reserved 1105920K
  class space    used 7734K, committed 8192K, reserved 1048576K
}
Event: 76.526 GC heap before
{Heap before GC invocations=70 (full 5):
 PSYoungGen      total 14336K, used 2027K [0x00000000eab00000, 0x00000000ec280000, 0x0000000100000000)
  eden space 12288K, 0% used [0x00000000eab00000,0x00000000eab00000,0x00000000eb700000)
  from space 2048K, 99% used [0x00000000ebb80000,0x00000000ebd7af78,0x00000000ebd80000)
  to   space 4608K, 0% used [0x00000000eb700000,0x00000000eb700000,0x00000000ebb80000)
 ParOldGen       total 75264K, used 73986K [0x00000000c0000000, 0x00000000c4980000, 0x00000000eab00000)
  object space 75264K, 98% used [0x00000000c0000000,0x00000000c4840a80,0x00000000c4980000)
 Metaspace       used 63602K, committed 64576K, reserved 1105920K
  class space    used 7734K, committed 8192K, reserved 1048576K
}
Event: 76.897 GC heap after
{Heap after GC invocations=70 (full 5):
 PSYoungGen      total 16896K, used 0K [0x00000000eab00000, 0x00000000ec000000, 0x0000000100000000)
  eden space 12288K, 0% used [0x00000000eab00000,0x00000000eab00000,0x00000000eb700000)
  from space 4608K, 0% used [0x00000000eb700000,0x00000000eb700000,0x00000000ebb80000)
  to   space 4608K, 0% used [0x00000000ebb80000,0x00000000ebb80000,0x00000000ec000000)
 ParOldGen       total 99840K, used 72671K [0x00000000c0000000, 0x00000000c6180000, 0x00000000eab00000)
  object space 99840K, 72% used [0x00000000c0000000,0x00000000c46f7c20,0x00000000c6180000)
 Metaspace       used 63602K, committed 64576K, reserved 1105920K
  class space    used 7734K, committed 8192K, reserved 1048576K
}
Event: 78.419 GC heap before
{Heap before GC invocations=71 (full 5):
 PSYoungGen      total 16896K, used 12288K [0x00000000eab00000, 0x00000000ec000000, 0x0000000100000000)
  eden space 12288K, 100% used [0x00000000eab00000,0x00000000eb700000,0x00000000eb700000)
  from space 4608K, 0% used [0x00000000eb700000,0x00000000eb700000,0x00000000ebb80000)
  to   space 4608K, 0% used [0x00000000ebb80000,0x00000000ebb80000,0x00000000ec000000)
 ParOldGen       total 99840K, used 72671K [0x00000000c0000000, 0x00000000c6180000, 0x00000000eab00000)
  object space 99840K, 72% used [0x00000000c0000000,0x00000000c46f7c20,0x00000000c6180000)
 Metaspace       used 64026K, committed 65088K, reserved 1114112K
  class space    used 7765K, committed 8256K, reserved 1048576K
}
Event: 78.480 GC heap after
{Heap after GC invocations=71 (full 5):
 PSYoungGen      total 14848K, used 4598K [0x00000000eab00000, 0x00000000ec400000, 0x0000000100000000)
  eden space 10240K, 0% used [0x00000000eab00000,0x00000000eab00000,0x00000000eb500000)
  from space 4608K, 99% used [0x00000000ebb80000,0x00000000ebffdab0,0x00000000ec000000)
  to   space 6656K, 0% used [0x00000000eb500000,0x00000000eb500000,0x00000000ebb80000)
 ParOldGen       total 99840K, used 74060K [0x00000000c0000000, 0x00000000c6180000, 0x00000000eab00000)
  object space 99840K, 74% used [0x00000000c0000000,0x00000000c4853170,0x00000000c6180000)
 Metaspace       used 64026K, committed 65088K, reserved 1114112K
  class space    used 7765K, committed 8256K, reserved 1048576K
}
Event: 80.322 GC heap before
{Heap before GC invocations=72 (full 5):
 PSYoungGen      total 14848K, used 14838K [0x00000000eab00000, 0x00000000ec400000, 0x0000000100000000)
  eden space 10240K, 100% used [0x00000000eab00000,0x00000000eb500000,0x00000000eb500000)
  from space 4608K, 99% used [0x00000000ebb80000,0x00000000ebffdab0,0x00000000ec000000)
  to   space 6656K, 0% used [0x00000000eb500000,0x00000000eb500000,0x00000000ebb80000)
 ParOldGen       total 99840K, used 74060K [0x00000000c0000000, 0x00000000c6180000, 0x00000000eab00000)
  object space 99840K, 74% used [0x00000000c0000000,0x00000000c4853170,0x00000000c6180000)
 Metaspace       used 64980K, committed 66048K, reserved 1114112K
  class space    used 7884K, committed 8384K, reserved 1048576K
}
Event: 80.477 GC heap after
{Heap after GC invocations=72 (full 5):
 PSYoungGen      total 11264K, used 599K [0x00000000eab00000, 0x00000000ebc00000, 0x0000000100000000)
  eden space 10240K, 0% used [0x00000000eab00000,0x00000000eab00000,0x00000000eb500000)
  from space 1024K, 58% used [0x00000000eb500000,0x00000000eb595c40,0x00000000eb600000)
  to   space 3072K, 0% used [0x00000000eb900000,0x00000000eb900000,0x00000000ebc00000)
 ParOldGen       total 99840K, used 74754K [0x00000000c0000000, 0x00000000c6180000, 0x00000000eab00000)
  object space 99840K, 74% used [0x00000000c0000000,0x00000000c49009a0,0x00000000c6180000)
 Metaspace       used 64980K, committed 66048K, reserved 1114112K
  class space    used 7884K, committed 8384K, reserved 1048576K
}

